This file contains any messages produced by compilers while
running configure, to aid debugging if configure makes a mistake.

It was created by libstackusage configure 1.0.0, which was
generated by GNU Autoconf 2.69.  Invocation command line was

  $ ../configure --prefix=/home/user/git/emacs/Code/preload/build/install

## --------- ##
## Platform. ##
## --------- ##

hostname = debian-mathieu
uname -m = x86_64
uname -r = 3.16.0-4-amd64
uname -s = Linux
uname -v = #1 SMP Debian 3.16.7-ckt11-1 (2015-05-24)

/usr/bin/uname -p = unknown
/bin/uname -X     = unknown

/bin/arch              = unknown
/usr/bin/arch -k       = unknown
/usr/convex/getsysinfo = unknown
/usr/bin/hostinfo      = unknown
/bin/machine           = unknown
/usr/bin/oslevel       = unknown
/bin/universe          = unknown

PATH: /home/user/bin
PATH: /usr/local/bin
PATH: /usr/bin
PATH: /bin
PATH: /usr/local/games
PATH: /usr/games
PATH: /opt/arm/bin
PATH: /opt/arm/bin


## ----------- ##
## Core tests. ##
## ----------- ##

configure:2284: checking for a BSD-compatible install
configure:2352: result: /usr/bin/install -c
configure:2363: checking whether build environment is sane
configure:2413: result: yes
configure:2554: checking for a thread-safe mkdir -p
configure:2593: result: /bin/mkdir -p
configure:2606: checking for gawk
configure:2622: found /usr/bin/gawk
configure:2633: result: gawk
configure:2644: checking whether make sets $(MAKE)
configure:2666: result: yes
configure:2794: checking for gcc
configure:2810: found /usr/bin/gcc
configure:2821: result: gcc
configure:3050: checking for C compiler version
configure:3059: gcc --version >&5
gcc (Debian 4.9.2-10) 4.9.2
Copyright (C) 2014 Free Software Foundation, Inc.
This is free software; see the source for copying conditions.  There is NO
warranty; not even for MERCHANTABILITY or FITNESS FOR A PARTICULAR PURPOSE.

configure:3070: $? = 0
configure:3059: gcc -v >&5
Using built-in specs.
COLLECT_GCC=gcc
COLLECT_LTO_WRAPPER=/usr/lib/gcc/x86_64-linux-gnu/4.9/lto-wrapper
Target: x86_64-linux-gnu
Configured with: ../src/configure -v --with-pkgversion='Debian 4.9.2-10' --with-bugurl=file:///usr/share/doc/gcc-4.9/README.Bugs --enable-languages=c,c++,java,go,d,fortran,objc,obj-c++ --prefix=/usr --program-suffix=-4.9 --enable-shared --enable-linker-build-id --libexecdir=/usr/lib --without-included-gettext --enable-threads=posix --with-gxx-include-dir=/usr/include/c++/4.9 --libdir=/usr/lib --enable-nls --with-sysroot=/ --enable-clocale=gnu --enable-libstdcxx-debug --enable-libstdcxx-time=yes --enable-gnu-unique-object --disable-vtable-verify --enable-plugin --with-system-zlib --disable-browser-plugin --enable-java-awt=gtk --enable-gtk-cairo --with-java-home=/usr/lib/jvm/java-1.5.0-gcj-4.9-amd64/jre --enable-java-home --with-jvm-root-dir=/usr/lib/jvm/java-1.5.0-gcj-4.9-amd64 --with-jvm-jar-dir=/usr/lib/jvm-exports/java-1.5.0-gcj-4.9-amd64 --with-arch-directory=amd64 --with-ecj-jar=/usr/share/java/eclipse-ecj.jar --enable-objc-gc --enable-multiarch --with-arch-32=i586 --with-abi=m64 --with-multilib-list=m32,m64,mx32 --enable-multilib --with-tune=generic --enable-checking=release --build=x86_64-linux-gnu --host=x86_64-linux-gnu --target=x86_64-linux-gnu
Thread model: posix
gcc version 4.9.2 (Debian 4.9.2-10) 
configure:3070: $? = 0
configure:3059: gcc -V >&5
gcc: error: unrecognized command line option '-V'
gcc: fatal error: no input files
compilation terminated.
configure:3070: $? = 4
configure:3059: gcc -qversion >&5
gcc: error: unrecognized command line option '-qversion'
gcc: fatal error: no input files
compilation terminated.
configure:3070: $? = 4
configure:3090: checking whether the C compiler works
configure:3112: gcc    conftest.c  >&5
configure:3116: $? = 0
configure:3164: result: yes
configure:3167: checking for C compiler default output file name
configure:3169: result: a.out
configure:3175: checking for suffix of executables
configure:3182: gcc -o conftest    conftest.c  >&5
configure:3186: $? = 0
configure:3208: result: 
configure:3230: checking whether we are cross compiling
configure:3238: gcc -o conftest    conftest.c  >&5
configure:3242: $? = 0
configure:3249: ./conftest
configure:3253: $? = 0
configure:3268: result: no
configure:3273: checking for suffix of object files
configure:3295: gcc -c   conftest.c >&5
configure:3299: $? = 0
configure:3320: result: o
configure:3324: checking whether we are using the GNU C compiler
configure:3343: gcc -c   conftest.c >&5
configure:3343: $? = 0
configure:3352: result: yes
configure:3361: checking whether gcc accepts -g
configure:3381: gcc -c -g  conftest.c >&5
configure:3381: $? = 0
configure:3422: result: yes
configure:3439: checking for gcc option to accept ISO C89
configure:3502: gcc  -c -g -O2  conftest.c >&5
configure:3502: $? = 0
configure:3515: result: none needed
configure:3546: checking for style of include used by make
configure:3574: result: GNU
configure:3600: checking dependency style of gcc
configure:3711: result: gcc3
configure:3784: checking for g++
configure:3800: found /usr/bin/g++
configure:3811: result: g++
configure:3838: checking for C++ compiler version
configure:3847: g++ --version >&5
g++ (Debian 4.9.2-10) 4.9.2
Copyright (C) 2014 Free Software Foundation, Inc.
This is free software; see the source for copying conditions.  There is NO
warranty; not even for MERCHANTABILITY or FITNESS FOR A PARTICULAR PURPOSE.

configure:3858: $? = 0
configure:3847: g++ -v >&5
Using built-in specs.
COLLECT_GCC=g++
COLLECT_LTO_WRAPPER=/usr/lib/gcc/x86_64-linux-gnu/4.9/lto-wrapper
Target: x86_64-linux-gnu
Configured with: ../src/configure -v --with-pkgversion='Debian 4.9.2-10' --with-bugurl=file:///usr/share/doc/gcc-4.9/README.Bugs --enable-languages=c,c++,java,go,d,fortran,objc,obj-c++ --prefix=/usr --program-suffix=-4.9 --enable-shared --enable-linker-build-id --libexecdir=/usr/lib --without-included-gettext --enable-threads=posix --with-gxx-include-dir=/usr/include/c++/4.9 --libdir=/usr/lib --enable-nls --with-sysroot=/ --enable-clocale=gnu --enable-libstdcxx-debug --enable-libstdcxx-time=yes --enable-gnu-unique-object --disable-vtable-verify --enable-plugin --with-system-zlib --disable-browser-plugin --enable-java-awt=gtk --enable-gtk-cairo --with-java-home=/usr/lib/jvm/java-1.5.0-gcj-4.9-amd64/jre --enable-java-home --with-jvm-root-dir=/usr/lib/jvm/java-1.5.0-gcj-4.9-amd64 --with-jvm-jar-dir=/usr/lib/jvm-exports/java-1.5.0-gcj-4.9-amd64 --with-arch-directory=amd64 --with-ecj-jar=/usr/share/java/eclipse-ecj.jar --enable-objc-gc --enable-multiarch --with-arch-32=i586 --with-abi=m64 --with-multilib-list=m32,m64,mx32 --enable-multilib --with-tune=generic --enable-checking=release --build=x86_64-linux-gnu --host=x86_64-linux-gnu --target=x86_64-linux-gnu
Thread model: posix
gcc version 4.9.2 (Debian 4.9.2-10) 
configure:3858: $? = 0
configure:3847: g++ -V >&5
g++: error: unrecognized command line option '-V'
g++: fatal error: no input files
compilation terminated.
configure:3858: $? = 4
configure:3847: g++ -qversion >&5
g++: error: unrecognized command line option '-qversion'
g++: fatal error: no input files
compilation terminated.
configure:3858: $? = 4
configure:3862: checking whether we are using the GNU C++ compiler
configure:3881: g++ -c   conftest.cpp >&5
configure:3881: $? = 0
configure:3890: result: yes
configure:3899: checking whether g++ accepts -g
configure:3919: g++ -c -g  conftest.cpp >&5
configure:3919: $? = 0
configure:3960: result: yes
configure:3985: checking dependency style of g++
configure:4096: result: gcc3
configure:4161: checking for ar
configure:4177: found /usr/bin/ar
configure:4188: result: ar
configure:4214: checking the archiver (ar) interface
configure:4224: gcc -c -g -O2  conftest.c >&5
configure:4224: $? = 0
configure:4226: ar cru libconftest.a conftest.o >&5
configure:4229: $? = 0
configure:4252: result: ar
configure:4332: checking build system type
configure:4346: result: x86_64-unknown-linux-gnu
configure:4366: checking host system type
configure:4379: result: x86_64-unknown-linux-gnu
configure:4420: checking how to print strings
configure:4447: result: printf
configure:4468: checking for a sed that does not truncate output
configure:4532: result: /bin/sed
configure:4550: checking for grep that handles long lines and -e
configure:4608: result: /bin/grep
configure:4613: checking for egrep
configure:4675: result: /bin/grep -E
configure:4680: checking for fgrep
configure:4742: result: /bin/grep -F
configure:4777: checking for ld used by gcc
configure:4844: result: /usr/bin/ld
configure:4851: checking if the linker (/usr/bin/ld) is GNU ld
configure:4866: result: yes
configure:4878: checking for BSD- or MS-compatible name lister (nm)
configure:4927: result: /usr/bin/nm -B
configure:5057: checking the name lister (/usr/bin/nm -B) interface
configure:5064: gcc -c -g -O2  conftest.c >&5
configure:5067: /usr/bin/nm -B "conftest.o"
configure:5070: output
0000000000000000 B some_variable
configure:5077: result: BSD nm
configure:5080: checking whether ln -s works
configure:5084: result: yes
configure:5092: checking the maximum length of command line arguments
configure:5223: result: 1635000
configure:5240: checking whether the shell understands some XSI constructs
configure:5250: result: yes
configure:5254: checking whether the shell understands "+="
configure:5260: result: yes
configure:5295: checking how to convert x86_64-unknown-linux-gnu file names to x86_64-unknown-linux-gnu format
configure:5335: result: func_convert_file_noop
configure:5342: checking how to convert x86_64-unknown-linux-gnu file names to toolchain format
configure:5362: result: func_convert_file_noop
configure:5369: checking for /usr/bin/ld option to reload object files
configure:5376: result: -r
configure:5450: checking for objdump
configure:5466: found /usr/bin/objdump
configure:5477: result: objdump
configure:5509: checking how to recognize dependent libraries
configure:5707: result: pass_all
configure:5792: checking for dlltool
configure:5822: result: no
configure:5852: checking how to associate runtime and link libraries
configure:5879: result: printf %s\n
configure:6003: checking for archiver @FILE support
configure:6020: gcc -c -g -O2  conftest.c >&5
configure:6020: $? = 0
configure:6023: ar cru libconftest.a @conftest.lst >&5
configure:6026: $? = 0
configure:6031: ar cru libconftest.a @conftest.lst >&5
ar: conftest.o: No such file or directory
configure:6034: $? = 1
configure:6046: result: @
configure:6104: checking for strip
configure:6120: found /usr/bin/strip
configure:6131: result: strip
configure:6203: checking for ranlib
configure:6219: found /usr/bin/ranlib
configure:6230: result: ranlib
configure:6332: checking command to parse /usr/bin/nm -B output from gcc object
configure:6452: gcc -c -g -O2  conftest.c >&5
configure:6455: $? = 0
configure:6459: /usr/bin/nm -B conftest.o \| sed -n -e 's/^.*[ ]\([ABCDGIRSTW][ABCDGIRSTW]*\)[ ][ ]*\([_A-Za-z][_A-Za-z0-9]*\)$/\1 \2 \2/p' | sed '/ __gnu_lto/d' \> conftest.nm
configure:6462: $? = 0
configure:6528: gcc -o conftest -g -O2   conftest.c conftstm.o >&5
configure:6531: $? = 0
configure:6569: result: ok
configure:6606: checking for sysroot
configure:6636: result: no
configure:6713: gcc -c -g -O2  conftest.c >&5
configure:6716: $? = 0
configure:6905: checking for mt
configure:6921: found /bin/mt
configure:6932: result: mt
configure:6955: checking if mt is a manifest tool
configure:6961: mt '-?'
configure:6969: result: no
configure:7611: checking how to run the C preprocessor
configure:7642: gcc -E  conftest.c
configure:7642: $? = 0
configure:7656: gcc -E  conftest.c
conftest.c:11:28: fatal error: ac_nonexistent.h: No such file or directory
 #include <ac_nonexistent.h>
                            ^
compilation terminated.
configure:7656: $? = 1
configure: failed program was:
| /* confdefs.h */
| #define PACKAGE_NAME "libstackusage"
| #define PACKAGE_TARNAME "libstackusage"
| #define PACKAGE_VERSION "1.0.0"
| #define PACKAGE_STRING "libstackusage 1.0.0"
| #define PACKAGE_BUGREPORT "kristofer.berggren@gmail.com"
| #define PACKAGE_URL ""
| #define PACKAGE "libstackusage"
| #define VERSION "1.0.0"
| /* end confdefs.h.  */
| #include <ac_nonexistent.h>
configure:7681: result: gcc -E
configure:7701: gcc -E  conftest.c
configure:7701: $? = 0
configure:7715: gcc -E  conftest.c
conftest.c:11:28: fatal error: ac_nonexistent.h: No such file or directory
 #include <ac_nonexistent.h>
                            ^
compilation terminated.
configure:7715: $? = 1
configure: failed program was:
| /* confdefs.h */
| #define PACKAGE_NAME "libstackusage"
| #define PACKAGE_TARNAME "libstackusage"
| #define PACKAGE_VERSION "1.0.0"
| #define PACKAGE_STRING "libstackusage 1.0.0"
| #define PACKAGE_BUGREPORT "kristofer.berggren@gmail.com"
| #define PACKAGE_URL ""
| #define PACKAGE "libstackusage"
| #define VERSION "1.0.0"
| /* end confdefs.h.  */
| #include <ac_nonexistent.h>
configure:7744: checking for ANSI C header files
configure:7764: gcc -c -g -O2  conftest.c >&5
configure:7764: $? = 0
configure:7837: gcc -o conftest -g -O2   conftest.c  >&5
configure:7837: $? = 0
configure:7837: ./conftest
configure:7837: $? = 0
configure:7848: result: yes
configure:7861: checking for sys/types.h
configure:7861: gcc -c -g -O2  conftest.c >&5
configure:7861: $? = 0
configure:7861: result: yes
configure:7861: checking for sys/stat.h
configure:7861: gcc -c -g -O2  conftest.c >&5
configure:7861: $? = 0
configure:7861: result: yes
configure:7861: checking for stdlib.h
configure:7861: gcc -c -g -O2  conftest.c >&5
configure:7861: $? = 0
configure:7861: result: yes
configure:7861: checking for string.h
configure:7861: gcc -c -g -O2  conftest.c >&5
configure:7861: $? = 0
configure:7861: result: yes
configure:7861: checking for memory.h
configure:7861: gcc -c -g -O2  conftest.c >&5
configure:7861: $? = 0
configure:7861: result: yes
configure:7861: checking for strings.h
configure:7861: gcc -c -g -O2  conftest.c >&5
configure:7861: $? = 0
configure:7861: result: yes
configure:7861: checking for inttypes.h
configure:7861: gcc -c -g -O2  conftest.c >&5
configure:7861: $? = 0
configure:7861: result: yes
configure:7861: checking for stdint.h
configure:7861: gcc -c -g -O2  conftest.c >&5
configure:7861: $? = 0
configure:7861: result: yes
configure:7861: checking for unistd.h
configure:7861: gcc -c -g -O2  conftest.c >&5
configure:7861: $? = 0
configure:7861: result: yes
configure:7875: checking for dlfcn.h
configure:7875: gcc -c -g -O2  conftest.c >&5
configure:7875: $? = 0
configure:7875: result: yes
configure:8062: checking for objdir
configure:8077: result: .libs
configure:8344: checking if gcc supports -fno-rtti -fno-exceptions
configure:8362: gcc -c -g -O2  -fno-rtti -fno-exceptions conftest.c >&5
cc1: warning: command line option '-fno-rtti' is valid for C++/ObjC++ but not for C
configure:8366: $? = 0
configure:8379: result: no
configure:8706: checking for gcc option to produce PIC
configure:8713: result: -fPIC -DPIC
configure:8721: checking if gcc PIC flag -fPIC -DPIC works
configure:8739: gcc -c -g -O2  -fPIC -DPIC -DPIC conftest.c >&5
configure:8743: $? = 0
configure:8756: result: yes
configure:8785: checking if gcc static flag -static works
configure:8813: result: yes
configure:8828: checking if gcc supports -c -o file.o
configure:8849: gcc -c -g -O2  -o out/conftest2.o conftest.c >&5
configure:8853: $? = 0
configure:8875: result: yes
configure:8883: checking if gcc supports -c -o file.o
configure:8930: result: yes
configure:8963: checking whether the gcc linker (/usr/bin/ld -m elf_x86_64) supports shared libraries
configure:10120: result: yes
configure:10157: checking whether -lc should be explicitly linked in
configure:10165: gcc -c -g -O2  conftest.c >&5
configure:10168: $? = 0
configure:10183: gcc -shared  -fPIC -DPIC conftest.o  -v -Wl,-soname -Wl,conftest -o conftest 2\>\&1 \| /bin/grep  -lc  \>/dev/null 2\>\&1
configure:10186: $? = 0
configure:10200: result: no
configure:10360: checking dynamic linker characteristics
configure:10860: gcc -o conftest -g -O2   -Wl,-rpath -Wl,/foo conftest.c  >&5
configure:10860: $? = 0
configure:11094: result: GNU/Linux ld.so
configure:11201: checking how to hardcode library paths into programs
configure:11226: result: immediate
configure:11766: checking whether stripping libraries is possible
configure:11771: result: yes
configure:11806: checking if libtool supports shared libraries
configure:11808: result: yes
configure:11811: checking whether to build shared libraries
configure:11832: result: yes
configure:11835: checking whether to build static libraries
configure:11839: result: no
configure:11862: checking how to run the C++ preprocessor
configure:11889: g++ -E  conftest.cpp
configure:11889: $? = 0
configure:11903: g++ -E  conftest.cpp
conftest.cpp:23:28: fatal error: ac_nonexistent.h: No such file or directory
 #include <ac_nonexistent.h>
                            ^
compilation terminated.
configure:11903: $? = 1
configure: failed program was:
| /* confdefs.h */
| #define PACKAGE_NAME "libstackusage"
| #define PACKAGE_TARNAME "libstackusage"
| #define PACKAGE_VERSION "1.0.0"
| #define PACKAGE_STRING "libstackusage 1.0.0"
| #define PACKAGE_BUGREPORT "kristofer.berggren@gmail.com"
| #define PACKAGE_URL ""
| #define PACKAGE "libstackusage"
| #define VERSION "1.0.0"
| #define STDC_HEADERS 1
| #define HAVE_SYS_TYPES_H 1
| #define HAVE_SYS_STAT_H 1
| #define HAVE_STDLIB_H 1
| #define HAVE_STRING_H 1
| #define HAVE_MEMORY_H 1
| #define HAVE_STRINGS_H 1
| #define HAVE_INTTYPES_H 1
| #define HAVE_STDINT_H 1
| #define HAVE_UNISTD_H 1
| #define HAVE_DLFCN_H 1
| #define LT_OBJDIR ".libs/"
| /* end confdefs.h.  */
| #include <ac_nonexistent.h>
configure:11928: result: g++ -E
configure:11948: g++ -E  conftest.cpp
configure:11948: $? = 0
configure:11962: g++ -E  conftest.cpp
conftest.cpp:23:28: fatal error: ac_nonexistent.h: No such file or directory
 #include <ac_nonexistent.h>
                            ^
compilation terminated.
configure:11962: $? = 1
configure: failed program was:
| /* confdefs.h */
| #define PACKAGE_NAME "libstackusage"
| #define PACKAGE_TARNAME "libstackusage"
| #define PACKAGE_VERSION "1.0.0"
| #define PACKAGE_STRING "libstackusage 1.0.0"
| #define PACKAGE_BUGREPORT "kristofer.berggren@gmail.com"
| #define PACKAGE_URL ""
| #define PACKAGE "libstackusage"
| #define VERSION "1.0.0"
| #define STDC_HEADERS 1
| #define HAVE_SYS_TYPES_H 1
| #define HAVE_SYS_STAT_H 1
| #define HAVE_STDLIB_H 1
| #define HAVE_STRING_H 1
| #define HAVE_MEMORY_H 1
| #define HAVE_STRINGS_H 1
| #define HAVE_INTTYPES_H 1
| #define HAVE_STDINT_H 1
| #define HAVE_UNISTD_H 1
| #define HAVE_DLFCN_H 1
| #define LT_OBJDIR ".libs/"
| /* end confdefs.h.  */
| #include <ac_nonexistent.h>
configure:12131: checking for ld used by g++
configure:12198: result: /usr/bin/ld -m elf_x86_64
configure:12205: checking if the linker (/usr/bin/ld -m elf_x86_64) is GNU ld
configure:12220: result: yes
configure:12275: checking whether the g++ linker (/usr/bin/ld -m elf_x86_64) supports shared libraries
configure:13277: result: yes
configure:13313: g++ -c -g -O2  conftest.cpp >&5
configure:13316: $? = 0
configure:13836: checking for g++ option to produce PIC
configure:13843: result: -fPIC -DPIC
configure:13851: checking if g++ PIC flag -fPIC -DPIC works
configure:13869: g++ -c -g -O2  -fPIC -DPIC -DPIC conftest.cpp >&5
configure:13873: $? = 0
configure:13886: result: yes
configure:13909: checking if g++ static flag -static works
configure:13937: result: yes
configure:13949: checking if g++ supports -c -o file.o
configure:13970: g++ -c -g -O2  -o out/conftest2.o conftest.cpp >&5
configure:13974: $? = 0
configure:13996: result: yes
configure:14001: checking if g++ supports -c -o file.o
configure:14048: result: yes
configure:14078: checking whether the g++ linker (/usr/bin/ld -m elf_x86_64) supports shared libraries
configure:14117: result: yes
configure:14258: checking dynamic linker characteristics
configure:14926: result: GNU/Linux ld.so
configure:14979: checking how to hardcode library paths into programs
configure:15004: result: immediate
configure:15238: creating ./config.status

## ---------------------- ##
## Running config.status. ##
## ---------------------- ##

This file was extended by libstackusage config.status 1.0.0, which was
generated by GNU Autoconf 2.69.  Invocation command line was

  CONFIG_FILES    = 
  CONFIG_HEADERS  = 
  CONFIG_LINKS    = 
  CONFIG_COMMANDS = 
  $ ./config.status 

on debian-mathieu

config.status:1064: creating Makefile
config.status:1064: creating src/Makefile
config.status:1064: creating test/Makefile
config.status:1221: executing depfiles commands
config.status:1221: executing libtool commands

## ---------------- ##
## Cache variables. ##
## ---------------- ##

ac_cv_build=x86_64-unknown-linux-gnu
ac_cv_c_compiler_gnu=yes
ac_cv_cxx_compiler_gnu=yes
ac_cv_env_CCC_set=
ac_cv_env_CCC_value=
ac_cv_env_CC_set=
ac_cv_env_CC_value=
ac_cv_env_CFLAGS_set=
ac_cv_env_CFLAGS_value=
ac_cv_env_CPPFLAGS_set=
ac_cv_env_CPPFLAGS_value=
ac_cv_env_CPP_set=
ac_cv_env_CPP_value=
ac_cv_env_CXXCPP_set=
ac_cv_env_CXXCPP_value=
ac_cv_env_CXXFLAGS_set=
ac_cv_env_CXXFLAGS_value=
ac_cv_env_CXX_set=
ac_cv_env_CXX_value=
ac_cv_env_LDFLAGS_set=
ac_cv_env_LDFLAGS_value=
ac_cv_env_LIBS_set=
ac_cv_env_LIBS_value=
ac_cv_env_build_alias_set=
ac_cv_env_build_alias_value=
ac_cv_env_host_alias_set=
ac_cv_env_host_alias_value=
ac_cv_env_target_alias_set=
ac_cv_env_target_alias_value=
ac_cv_header_dlfcn_h=yes
ac_cv_header_inttypes_h=yes
ac_cv_header_memory_h=yes
ac_cv_header_stdc=yes
ac_cv_header_stdint_h=yes
ac_cv_header_stdlib_h=yes
ac_cv_header_string_h=yes
ac_cv_header_strings_h=yes
ac_cv_header_sys_stat_h=yes
ac_cv_header_sys_types_h=yes
ac_cv_header_unistd_h=yes
ac_cv_host=x86_64-unknown-linux-gnu
ac_cv_objext=o
ac_cv_path_EGREP='/bin/grep -E'
ac_cv_path_FGREP='/bin/grep -F'
ac_cv_path_GREP=/bin/grep
ac_cv_path_SED=/bin/sed
ac_cv_path_install='/usr/bin/install -c'
ac_cv_path_mkdir=/bin/mkdir
ac_cv_prog_AWK=gawk
ac_cv_prog_CPP='gcc -E'
ac_cv_prog_CXXCPP='g++ -E'
ac_cv_prog_ac_ct_AR=ar
ac_cv_prog_ac_ct_CC=gcc
ac_cv_prog_ac_ct_CXX=g++
ac_cv_prog_ac_ct_MANIFEST_TOOL=mt
ac_cv_prog_ac_ct_OBJDUMP=objdump
ac_cv_prog_ac_ct_RANLIB=ranlib
ac_cv_prog_ac_ct_STRIP=strip
ac_cv_prog_cc_c89=
ac_cv_prog_cc_g=yes
ac_cv_prog_cxx_g=yes
ac_cv_prog_make_make_set=yes
am_cv_CC_dependencies_compiler_type=gcc3
am_cv_CXX_dependencies_compiler_type=gcc3
am_cv_ar_interface=ar
lt_cv_ar_at_file=@
lt_cv_archive_cmds_need_lc=no
lt_cv_deplibs_check_method=pass_all
lt_cv_file_magic_cmd='$MAGIC_CMD'
lt_cv_file_magic_test_file=
lt_cv_ld_reload_flag=-r
lt_cv_nm_interface='BSD nm'
lt_cv_objdir=.libs
lt_cv_path_LD=/usr/bin/ld
lt_cv_path_LDCXX='/usr/bin/ld -m elf_x86_64'
lt_cv_path_NM='/usr/bin/nm -B'
lt_cv_path_mainfest_tool=no
lt_cv_prog_compiler_c_o=yes
lt_cv_prog_compiler_c_o_CXX=yes
lt_cv_prog_compiler_pic='-fPIC -DPIC'
lt_cv_prog_compiler_pic_CXX='-fPIC -DPIC'
lt_cv_prog_compiler_pic_works=yes
lt_cv_prog_compiler_pic_works_CXX=yes
lt_cv_prog_compiler_rtti_exceptions=no
lt_cv_prog_compiler_static_works=yes
lt_cv_prog_compiler_static_works_CXX=yes
lt_cv_prog_gnu_ld=yes
lt_cv_prog_gnu_ldcxx=yes
lt_cv_sharedlib_from_linklib_cmd='printf %s\n'
lt_cv_shlibpath_overrides_runpath=no
lt_cv_sys_global_symbol_pipe='sed -n -e '\''s/^.*[	 ]\([ABCDGIRSTW][ABCDGIRSTW]*\)[	 ][	 ]*\([_A-Za-z][_A-Za-z0-9]*\)$/\1 \2 \2/p'\'' | sed '\''/ __gnu_lto/d'\'''
lt_cv_sys_global_symbol_to_c_name_address='sed -n -e '\''s/^: \([^ ]*\)[ ]*$/  {\"\1\", (void *) 0},/p'\'' -e '\''s/^[ABCDGIRSTW]* \([^ ]*\) \([^ ]*\)$/  {"\2", (void *) \&\2},/p'\'''
lt_cv_sys_global_symbol_to_c_name_address_lib_prefix='sed -n -e '\''s/^: \([^ ]*\)[ ]*$/  {\"\1\", (void *) 0},/p'\'' -e '\''s/^[ABCDGIRSTW]* \([^ ]*\) \(lib[^ ]*\)$/  {"\2", (void *) \&\2},/p'\'' -e '\''s/^[ABCDGIRSTW]* \([^ ]*\) \([^ ]*\)$/  {"lib\2", (void *) \&\2},/p'\'''
lt_cv_sys_global_symbol_to_cdecl='sed -n -e '\''s/^T .* \(.*\)$/extern int \1();/p'\'' -e '\''s/^[ABCDGIRSTW]* .* \(.*\)$/extern char \1;/p'\'''
lt_cv_sys_max_cmd_len=1635000
lt_cv_to_host_file_cmd=func_convert_file_noop
lt_cv_to_tool_file_cmd=func_convert_file_noop

## ----------------- ##
## Output variables. ##
## ----------------- ##

ACLOCAL='${SHELL} /home/user/git/emacs/Code/preload/missing --run aclocal-1.11'
AMDEPBACKSLASH='\'
AMDEP_FALSE='#'
AMDEP_TRUE=''
AMTAR='$${TAR-tar}'
AR='ar'
AUTOCONF='${SHELL} /home/user/git/emacs/Code/preload/missing --run autoconf'
AUTOHEADER='${SHELL} /home/user/git/emacs/Code/preload/missing --run autoheader'
AUTOMAKE='${SHELL} /home/user/git/emacs/Code/preload/missing --run automake-1.11'
AWK='gawk'
CC='gcc'
CCDEPMODE='depmode=gcc3'
CFLAGS='-g -O2'
CPP='gcc -E'
CPPFLAGS=''
CXX='g++'
CXXCPP='g++ -E'
CXXDEPMODE='depmode=gcc3'
CXXFLAGS='-g -O2'
CYGPATH_W='echo'
DEFS='-DPACKAGE_NAME=\"libstackusage\" -DPACKAGE_TARNAME=\"libstackusage\" -DPACKAGE_VERSION=\"1.0.0\" -DPACKAGE_STRING=\"libstackusage\ 1.0.0\" -DPACKAGE_BUGREPORT=\"kristofer.berggren@gmail.com\" -DPACKAGE_URL=\"\" -DPACKAGE=\"libstackusage\" -DVERSION=\"1.0.0\" -DSTDC_HEADERS=1 -DHAVE_SYS_TYPES_H=1 -DHAVE_SYS_STAT_H=1 -DHAVE_STDLIB_H=1 -DHAVE_STRING_H=1 -DHAVE_MEMORY_H=1 -DHAVE_STRINGS_H=1 -DHAVE_INTTYPES_H=1 -DHAVE_STDINT_H=1 -DHAVE_UNISTD_H=1 -DHAVE_DLFCN_H=1 -DLT_OBJDIR=\".libs/\"'
DEPDIR='.deps'
DLLTOOL='false'
DSYMUTIL=''
DUMPBIN=''
ECHO_C=''
ECHO_N='-n'
ECHO_T=''
EGREP='/bin/grep -E'
EXEEXT=''
FGREP='/bin/grep -F'
GREP='/bin/grep'
INSTALL_DATA='${INSTALL} -m 644'
INSTALL_PROGRAM='${INSTALL}'
INSTALL_SCRIPT='${INSTALL}'
INSTALL_STRIP_PROGRAM='$(install_sh) -c -s'
LD='/usr/bin/ld -m elf_x86_64'
LDFLAGS=''
LIBOBJS=''
LIBS=''
LIBTOOL='$(SHELL) $(top_builddir)/libtool'
LIPO=''
LN_S='ln -s'
LTLIBOBJS=''
MAKEINFO='${SHELL} /home/user/git/emacs/Code/preload/missing --run makeinfo'
MANIFEST_TOOL=':'
MKDIR_P='/bin/mkdir -p'
NM='/usr/bin/nm -B'
NMEDIT=''
OBJDUMP='objdump'
OBJEXT='o'
OTOOL64=''
OTOOL=''
PACKAGE='libstackusage'
PACKAGE_BUGREPORT='kristofer.berggren@gmail.com'
PACKAGE_NAME='libstackusage'
PACKAGE_STRING='libstackusage 1.0.0'
PACKAGE_TARNAME='libstackusage'
PACKAGE_URL=''
PACKAGE_VERSION='1.0.0'
PATH_SEPARATOR=':'
RANLIB='ranlib'
SED='/bin/sed'
SET_MAKE=''
SHELL='/bin/bash'
STRIP='strip'
VERSION='1.0.0'
ac_ct_AR='ar'
ac_ct_CC='gcc'
ac_ct_CXX='g++'
ac_ct_DUMPBIN=''
am__EXEEXT_FALSE=''
am__EXEEXT_TRUE='#'
am__fastdepCC_FALSE='#'
am__fastdepCC_TRUE=''
am__fastdepCXX_FALSE='#'
am__fastdepCXX_TRUE=''
am__include='include'
am__isrc=' -I$(srcdir)'
am__leading_dot='.'
am__nodep='_no'
am__quote=''
am__tar='$${TAR-tar} chof - "$$tardir"'
am__untar='$${TAR-tar} xf -'
bindir='${exec_prefix}/bin'
build='x86_64-unknown-linux-gnu'
build_alias=''
build_cpu='x86_64'
build_os='linux-gnu'
build_vendor='unknown'
datadir='${datarootdir}'
datarootdir='${prefix}/share'
docdir='${datarootdir}/doc/${PACKAGE_TARNAME}'
dvidir='${docdir}'
exec_prefix='${prefix}'
host='x86_64-unknown-linux-gnu'
host_alias=''
host_cpu='x86_64'
host_os='linux-gnu'
host_vendor='unknown'
htmldir='${docdir}'
includedir='${prefix}/include'
infodir='${datarootdir}/info'
install_sh='${SHELL} /home/user/git/emacs/Code/preload/install-sh'
libdir='${exec_prefix}/lib'
libexecdir='${exec_prefix}/libexec'
localedir='${datarootdir}/locale'
localstatedir='${prefix}/var'
mandir='${datarootdir}/man'
mkdir_p='/bin/mkdir -p'
oldincludedir='/usr/include'
pdfdir='${docdir}'
prefix='/home/user/git/emacs/Code/preload/build/install'
program_transform_name='s,x,x,'
psdir='${docdir}'
sbindir='${exec_prefix}/sbin'
sharedstatedir='${prefix}/com'
sysconfdir='${prefix}/etc'
target_alias=''

## ----------- ##
## confdefs.h. ##
## ----------- ##

/* confdefs.h */
#define PACKAGE_NAME "libstackusage"
#define PACKAGE_TARNAME "libstackusage"
#define PACKAGE_VERSION "1.0.0"
#define PACKAGE_STRING "libstackusage 1.0.0"
#define PACKAGE_BUGREPORT "kristofer.berggren@gmail.com"
#define PACKAGE_URL ""
#define PACKAGE "libstackusage"
#define VERSION "1.0.0"
#define STDC_HEADERS 1
#define HAVE_SYS_TYPES_H 1
#define HAVE_SYS_STAT_H 1
#define HAVE_STDLIB_H 1
#define HAVE_STRING_H 1
#define HAVE_MEMORY_H 1
#define HAVE_STRINGS_H 1
#define HAVE_INTTYPES_H 1
#define HAVE_STDINT_H 1
#define HAVE_UNISTD_H 1
#define HAVE_DLFCN_H 1
#define LT_OBJDIR ".libs/"

configure: exit 0
